<?xml version="1.0" encoding="UTF-8"?>
<!-- Generated by org.testng.reporters.JUnitReportReporter -->
<testsuite hostname="DESKTOP-KHV87JG" failures="0" tests="1" name="Pratice.Demo1Test" time="0.015" errors="0" timestamp="2023-08-22T08:56:46 IST" skipped="0">
  <testcase classname="Pratice.Demo1Test" name="Demo1Test" time="0.015"/>
  <system-out/>
</testsuite> <!-- Pratice.Demo1Test -->
